<?xml version="1.0" encoding="UTF-8"?>
<testng-results ignored="0" total="1" passed="1" failed="0" skipped="0">
  <reporter-output>
  </reporter-output>
  <suite started-at="2023-12-12T20:26:50 IST" name="CrossBrowser" finished-at="2023-12-12T20:27:00 IST" duration-ms="10286">
    <groups>
    </groups>
    <test started-at="2023-12-12T20:26:50 IST" name="Test" finished-at="2023-12-12T20:27:00 IST" duration-ms="10286">
      <class name="TestC.TC_01_login">
        <test-method is-config="true" signature="main(java.lang.String)[pri:0, instance:TestC.TC_01_login@3d51f06e]" started-at="2023-12-12T20:26:51 IST" name="main" finished-at="2023-12-12T20:26:59 IST" duration-ms="8485" status="PASS">
          <params>
            <param index="0">
              <value>
                <![CDATA[chrome]]>
              </value>
            </param>
          </params>
          <reporter-output>
          </reporter-output>
        </test-method> <!-- main -->
        <test-method signature="lg()[pri:0, instance:TestC.TC_01_login@3d51f06e]" started-at="2023-12-12T20:26:59 IST" name="lg" finished-at="2023-12-12T20:27:00 IST" duration-ms="1411" status="PASS">
          <reporter-output>
          </reporter-output>
        </test-method> <!-- lg -->
      </class> <!-- TestC.TC_01_login -->
    </test> <!-- Test -->
  </suite> <!-- CrossBrowser -->
</testng-results>
