<?xml version="1.0" encoding="UTF-8"?>
<testng-results ignored="0" total="1" passed="1" failed="0" skipped="0">
  <reporter-output>
  </reporter-output>
  <suite started-at="2023-12-11T21:25:54 IST" name="CrossBrowser" finished-at="2023-12-11T21:26:11 IST" duration-ms="16546">
    <groups>
    </groups>
    <test started-at="2023-12-11T21:25:54 IST" name="Test" finished-at="2023-12-11T21:26:11 IST" duration-ms="16546">
      <class name="TestC.TC_01_login">
        <test-method is-config="true" signature="main(java.lang.String)[pri:0, instance:TestC.TC_01_login@35d019a3]" started-at="2023-12-11T21:25:54 IST" name="main" finished-at="2023-12-11T21:26:09 IST" duration-ms="14561" status="PASS">
          <params>
            <param index="0">
              <value>
                <![CDATA[chrome]]>
              </value>
            </param>
          </params>
          <reporter-output>
          </reporter-output>
        </test-method> <!-- main -->
        <test-method signature="lg()[pri:0, instance:TestC.TC_01_login@35d019a3]" started-at="2023-12-11T21:26:09 IST" name="lg" finished-at="2023-12-11T21:26:11 IST" duration-ms="1563" status="PASS">
          <reporter-output>
          </reporter-output>
        </test-method> <!-- lg -->
      </class> <!-- TestC.TC_01_login -->
    </test> <!-- Test -->
  </suite> <!-- CrossBrowser -->
</testng-results>
